<?xml version="1.0" encoding="UTF-8" ?>
<testsuite failures="0" time="0.016" errors="0" skipped="0" tests="1" name="at.ac.uibk.paybar.AppTest">
  <properties>
    <property name="java.runtime.name" value="Java(TM) SE Runtime Environment"/>
    <property name="sun.boot.library.path" value="/usr/lib/jvm/java-6-sun-1.6.0.26/jre/lib/i386"/>
    <property name="java.vm.version" value="20.1-b02"/>
    <property name="java.vm.vendor" value="Sun Microsystems Inc."/>
    <property name="java.vendor.url" value="http://java.sun.com/"/>
    <property name="path.separator" value=":"/>
    <property name="java.vm.name" value="Java HotSpot(TM) Server VM"/>
    <property name="file.encoding.pkg" value="sun.io"/>
    <property name="user.country" value="AT"/>
    <property name="sun.java.launcher" value="SUN_STANDARD"/>
    <property name="sun.os.patch.level" value="unknown"/>
    <property name="java.vm.specification.name" value="Java Virtual Machine Specification"/>
    <property name="user.dir" value="/home/romedius/Dokumente/UNI/MSem3/Currtech/Currtech-PayBar/project/paybar-pos"/>
    <property name="java.runtime.version" value="1.6.0_26-b03"/>
    <property name="java.awt.graphicsenv" value="sun.awt.X11GraphicsEnvironment"/>
    <property name="basedir" value="/home/romedius/Dokumente/UNI/MSem3/Currtech/Currtech-PayBar/project/paybar-pos"/>
    <property name="java.endorsed.dirs" value="/usr/lib/jvm/java-6-sun-1.6.0.26/jre/lib/endorsed"/>
    <property name="os.arch" value="i386"/>
    <property name="surefire.real.class.path" value="/home/romedius/Dokumente/UNI/MSem3/Currtech/Currtech-PayBar/project/paybar-pos/target/surefire/surefirebooter2926390749924107656.jar"/>
    <property name="java.io.tmpdir" value="/tmp"/>
    <property name="line.separator" value="
"/>
    <property name="java.vm.specification.vendor" value="Sun Microsystems Inc."/>
    <property name="os.name" value="Linux"/>
    <property name="sun.jnu.encoding" value="UTF-8"/>
    <property name="java.library.path" value="/usr/lib/jvm/java-6-sun-1.6.0.26/jre/lib/i386/server:/usr/lib/jvm/java-6-sun-1.6.0.26/jre/lib/i386:/usr/lib/jvm/java-6-sun-1.6.0.26/jre/../lib/i386:/usr/java/packages/lib/i386:/lib:/usr/lib"/>
    <property name="surefire.test.class.path" value="/home/romedius/Dokumente/UNI/MSem3/Currtech/Currtech-PayBar/project/paybar-pos/target/test-classes:/home/romedius/Dokumente/UNI/MSem3/Currtech/Currtech-PayBar/project/paybar-pos/target/classes:/home/romedius/Dokumente/UNI/MSem3/Currtech/Currtech-PayBar/project/paybar-commons/target/paybar-commons-0.0.1.0-SNAPSHOT.jar:/home/romedius/.m2/repository/junit/junit/3.8.1/junit-3.8.1.jar:"/>
    <property name="java.specification.name" value="Java Platform API Specification"/>
    <property name="java.class.version" value="50.0"/>
    <property name="sun.management.compiler" value="HotSpot Tiered Compilers"/>
    <property name="os.version" value="2.6.35-31-generic"/>
    <property name="user.home" value="/home/romedius"/>
    <property name="user.timezone" value=""/>
    <property name="java.awt.printerjob" value="sun.print.PSPrinterJob"/>
    <property name="file.encoding" value="UTF-8"/>
    <property name="java.specification.version" value="1.6"/>
    <property name="user.name" value="romedius"/>
    <property name="java.class.path" value="/home/romedius/Dokumente/UNI/MSem3/Currtech/Currtech-PayBar/project/paybar-pos/target/test-classes:/home/romedius/Dokumente/UNI/MSem3/Currtech/Currtech-PayBar/project/paybar-pos/target/classes:/home/romedius/Dokumente/UNI/MSem3/Currtech/Currtech-PayBar/project/paybar-commons/target/paybar-commons-0.0.1.0-SNAPSHOT.jar:/home/romedius/.m2/repository/junit/junit/3.8.1/junit-3.8.1.jar:"/>
    <property name="java.vm.specification.version" value="1.0"/>
    <property name="sun.arch.data.model" value="32"/>
    <property name="java.home" value="/usr/lib/jvm/java-6-sun-1.6.0.26/jre"/>
    <property name="sun.java.command" value="/home/romedius/Dokumente/UNI/MSem3/Currtech/Currtech-PayBar/project/paybar-pos/target/surefire/surefirebooter2926390749924107656.jar /home/romedius/Dokumente/UNI/MSem3/Currtech/Currtech-PayBar/project/paybar-pos/target/surefire/surefire4637308709735918313tmp /home/romedius/Dokumente/UNI/MSem3/Currtech/Currtech-PayBar/project/paybar-pos/target/surefire/surefire3682049540187143674tmp"/>
    <property name="java.specification.vendor" value="Sun Microsystems Inc."/>
    <property name="user.language" value="de"/>
    <property name="java.vm.info" value="mixed mode"/>
    <property name="java.version" value="1.6.0_26"/>
    <property name="java.ext.dirs" value="/usr/lib/jvm/java-6-sun-1.6.0.26/jre/lib/ext:/usr/java/packages/lib/ext"/>
    <property name="sun.boot.class.path" value="/usr/lib/jvm/java-6-sun-1.6.0.26/jre/lib/resources.jar:/usr/lib/jvm/java-6-sun-1.6.0.26/jre/lib/rt.jar:/usr/lib/jvm/java-6-sun-1.6.0.26/jre/lib/sunrsasign.jar:/usr/lib/jvm/java-6-sun-1.6.0.26/jre/lib/jsse.jar:/usr/lib/jvm/java-6-sun-1.6.0.26/jre/lib/jce.jar:/usr/lib/jvm/java-6-sun-1.6.0.26/jre/lib/charsets.jar:/usr/lib/jvm/java-6-sun-1.6.0.26/jre/lib/modules/jdk.boot.jar:/usr/lib/jvm/java-6-sun-1.6.0.26/jre/classes"/>
    <property name="java.vendor" value="Sun Microsystems Inc."/>
    <property name="localRepository" value="/home/romedius/.m2/repository"/>
    <property name="file.separator" value="/"/>
    <property name="java.vendor.url.bug" value="http://java.sun.com/cgi-bin/bugreport.cgi"/>
    <property name="sun.cpu.endian" value="little"/>
    <property name="sun.io.unicode.encoding" value="UnicodeLittle"/>
    <property name="sun.desktop" value="gnome"/>
    <property name="sun.cpu.isalist" value=""/>
  </properties>
  <testcase time="0.001" classname="at.ac.uibk.paybar.AppTest" name="testApp"/>
</testsuite>