<?xml version="1.0" encoding="UTF-8" ?>
<testsuite failures="0" time="0.061" errors="0" skipped="0" tests="1" name="at.ac.uibk.paybar.AppTest">
  <properties>
    <property name="java.runtime.name" value="Java(TM) SE Runtime Environment"/>
    <property name="sun.boot.library.path" value="c:\glassfishv3\jdk\jre\bin"/>
    <property name="java.vm.version" value="19.0-b09"/>
    <property name="java.vm.vendor" value="Sun Microsystems Inc."/>
    <property name="java.vendor.url" value="http://java.sun.com/"/>
    <property name="path.separator" value=";"/>
    <property name="java.vm.name" value="Java HotSpot(TM) Client VM"/>
    <property name="file.encoding.pkg" value="sun.io"/>
    <property name="user.country" value="DE"/>
    <property name="sun.java.launcher" value="SUN_STANDARD"/>
    <property name="sun.os.patch.level" value="Service Pack 1"/>
    <property name="java.vm.specification.name" value="Java Virtual Machine Specification"/>
    <property name="user.dir" value="C:\Users\Romedius\Documents\UNI\Currtech\Currtech-PayBar\project\paybar-pos"/>
    <property name="java.runtime.version" value="1.6.0_23-b05"/>
    <property name="java.awt.graphicsenv" value="sun.awt.Win32GraphicsEnvironment"/>
    <property name="basedir" value="C:\Users\Romedius\Documents\UNI\Currtech\Currtech-PayBar\project\paybar-pos"/>
    <property name="java.endorsed.dirs" value="c:\glassfishv3\jdk\jre\lib\endorsed"/>
    <property name="os.arch" value="x86"/>
    <property name="surefire.real.class.path" value="C:\Users\Romedius\Documents\UNI\Currtech\Currtech-PayBar\project\paybar-pos\target\surefire\surefirebooter7206619564025497503.jar"/>
    <property name="java.io.tmpdir" value="C:\Users\Romedius\AppData\Local\Temp\"/>
    <property name="line.separator" value="
"/>
    <property name="java.vm.specification.vendor" value="Sun Microsystems Inc."/>
    <property name="user.variant" value=""/>
    <property name="os.name" value="Windows 7"/>
    <property name="sun.jnu.encoding" value="Cp1252"/>
    <property name="java.library.path" value="c:\glassfishv3\jdk\jre\bin;.;C:\Windows\Sun\Java\bin;C:\Windows\system32;C:\Windows;c:\Users\Romedius\bin;.;C:\Program Files\Git\local\bin;C:\Program Files\Git\mingw\bin;C:\Program Files\Git\bin;c:\Tcl\bin;c:\Windows\system32;c:\Windows;c:\Windows\System32\Wbem;c:\Windows\System32\WindowsPowerShell\v1.0\;c:\Program Files\ThinkPad\Bluetooth Software\;c:\Program Files\Intel\WiFi\bin\;c:\Program Files\Common Files\Intel\WirelessCommon\;c:\Program Files\ATI Technologies\ATI.ACE\Core-Static;c:\Program Files\Common Files\Lenovo;c:\Program Files\Common Files\Roxio Shared\10.0\DLLShared\;c:\Program Files\Common Files\Roxio Shared\DLLShared\;c:\Program Files\Lenovo\Access Connections\;c:\Program Files\Mercurial\;c:\Program Files\QuickTime\QTSystem\;c:\Program Files\TortoiseHg\;c:\apache-ant-1.8.2\bin;c:\Program Files\TortoiseSVN\bin;C:\Program Files\Git\cmd;c:\Maven\bin"/>
    <property name="surefire.test.class.path" value="C:\Users\Romedius\Documents\UNI\Currtech\Currtech-PayBar\project\paybar-pos\target\test-classes;C:\Users\Romedius\Documents\UNI\Currtech\Currtech-PayBar\project\paybar-pos\target\classes;C:\Users\Romedius\Documents\UNI\Currtech\Currtech-PayBar\project\paybar-commons\target\paybar-commons-0.0.1.0-SNAPSHOT.jar;C:\Users\Romedius\.m2\repository\junit\junit\3.8.1\junit-3.8.1.jar;C:\Users\Romedius\.m2\repository\org\hornetq\hornetq-core-client\2.2.9.AS7.Final\hornetq-core-client-2.2.9.AS7.Final.jar;C:\Users\Romedius\.m2\repository\org\jboss\netty\netty\3.2.7.Final\netty-3.2.7.Final.jar;"/>
    <property name="java.specification.name" value="Java Platform API Specification"/>
    <property name="java.class.version" value="50.0"/>
    <property name="sun.management.compiler" value="HotSpot Client Compiler"/>
    <property name="os.version" value="6.1"/>
    <property name="user.home" value="C:\Users\Romedius"/>
    <property name="user.timezone" value=""/>
    <property name="java.awt.printerjob" value="sun.awt.windows.WPrinterJob"/>
    <property name="java.specification.version" value="1.6"/>
    <property name="file.encoding" value="Cp1252"/>
    <property name="user.name" value="Romedius"/>
    <property name="java.class.path" value="C:\Users\Romedius\Documents\UNI\Currtech\Currtech-PayBar\project\paybar-pos\target\test-classes;C:\Users\Romedius\Documents\UNI\Currtech\Currtech-PayBar\project\paybar-pos\target\classes;C:\Users\Romedius\Documents\UNI\Currtech\Currtech-PayBar\project\paybar-commons\target\paybar-commons-0.0.1.0-SNAPSHOT.jar;C:\Users\Romedius\.m2\repository\junit\junit\3.8.1\junit-3.8.1.jar;C:\Users\Romedius\.m2\repository\org\hornetq\hornetq-core-client\2.2.9.AS7.Final\hornetq-core-client-2.2.9.AS7.Final.jar;C:\Users\Romedius\.m2\repository\org\jboss\netty\netty\3.2.7.Final\netty-3.2.7.Final.jar;"/>
    <property name="java.vm.specification.version" value="1.0"/>
    <property name="sun.arch.data.model" value="32"/>
    <property name="java.home" value="c:\glassfishv3\jdk\jre"/>
    <property name="java.specification.vendor" value="Sun Microsystems Inc."/>
    <property name="user.language" value="de"/>
    <property name="awt.toolkit" value="sun.awt.windows.WToolkit"/>
    <property name="java.vm.info" value="mixed mode"/>
    <property name="java.version" value="1.6.0_23"/>
    <property name="java.ext.dirs" value="c:\glassfishv3\jdk\jre\lib\ext;C:\Windows\Sun\Java\lib\ext"/>
    <property name="sun.boot.class.path" value="c:\glassfishv3\jdk\jre\lib\resources.jar;c:\glassfishv3\jdk\jre\lib\rt.jar;c:\glassfishv3\jdk\jre\lib\sunrsasign.jar;c:\glassfishv3\jdk\jre\lib\jsse.jar;c:\glassfishv3\jdk\jre\lib\jce.jar;c:\glassfishv3\jdk\jre\lib\charsets.jar;c:\glassfishv3\jdk\jre\lib\modules\jdk.boot.jar;c:\glassfishv3\jdk\jre\classes"/>
    <property name="java.vendor" value="Sun Microsystems Inc."/>
    <property name="localRepository" value="C:\Users\Romedius\.m2\repository"/>
    <property name="file.separator" value="\"/>
    <property name="java.vendor.url.bug" value="http://java.sun.com/cgi-bin/bugreport.cgi"/>
    <property name="sun.cpu.endian" value="little"/>
    <property name="sun.io.unicode.encoding" value="UnicodeLittle"/>
    <property name="sun.desktop" value="windows"/>
    <property name="sun.cpu.isalist" value="pentium_pro+mmx pentium_pro pentium+mmx pentium i486 i386 i86"/>
  </properties>
  <testcase time="0.001" classname="at.ac.uibk.paybar.AppTest" name="testApp"/>
</testsuite>